E:\DEVESH INC\CC++\DEVESH SCRATCH PAD\DEBUG\DEVESH SCRATCH PAD.EXE
E:\DEVESH INC\CC++\DEVESH SCRATCH PAD\DEBUG\DEVESH SCRATCH PAD.ILK
E:\DEVESH INC\CC++\DEVESH SCRATCH PAD\DEBUG\DEVESH SCRATCH PAD.PDB
E:\Devesh inc\cc++\Devesh scratch pad\Devesh scratch pad\Debug\cl.command.1.tlog
E:\Devesh inc\cc++\Devesh scratch pad\Devesh scratch pad\Debug\CL.read.1.tlog
E:\Devesh inc\cc++\Devesh scratch pad\Devesh scratch pad\Debug\CL.write.1.tlog
E:\DEVESH INC\CC++\DEVESH SCRATCH PAD\DEVESH SCRATCH PAD\DEBUG\DEVESH SCRATCH PAD.EXE.EMBED.MANIFEST
E:\DEVESH INC\CC++\DEVESH SCRATCH PAD\DEVESH SCRATCH PAD\DEBUG\DEVESH SCRATCH PAD.EXE.EMBED.MANIFEST.RES
E:\DEVESH INC\CC++\DEVESH SCRATCH PAD\DEVESH SCRATCH PAD\DEBUG\DEVESH SCRATCH PAD.EXE.INTERMEDIATE.MANIFEST
E:\DEVESH INC\CC++\DEVESH SCRATCH PAD\DEVESH SCRATCH PAD\DEBUG\DEVESH SCRATCH PAD.OBJ
E:\DEVESH INC\CC++\DEVESH SCRATCH PAD\DEVESH SCRATCH PAD\DEBUG\DEVESH SCRATCH PAD.PCH
E:\Devesh inc\cc++\Devesh scratch pad\Devesh scratch pad\Debug\Devesh scratch pad_manifest.rc
E:\DEVESH INC\CC++\DEVESH SCRATCH PAD\DEVESH SCRATCH PAD\DEBUG\ICON.RES
E:\Devesh inc\cc++\Devesh scratch pad\Devesh scratch pad\Debug\link.1148.read.1.tlog
E:\Devesh inc\cc++\Devesh scratch pad\Devesh scratch pad\Debug\link.1148.write.1.tlog
E:\Devesh inc\cc++\Devesh scratch pad\Devesh scratch pad\Debug\link.1148-cvtres.read.1.tlog
E:\Devesh inc\cc++\Devesh scratch pad\Devesh scratch pad\Debug\link.1148-cvtres.write.1.tlog
E:\Devesh inc\cc++\Devesh scratch pad\Devesh scratch pad\Debug\link.2120.read.1.tlog
E:\Devesh inc\cc++\Devesh scratch pad\Devesh scratch pad\Debug\link.2120.write.1.tlog
E:\Devesh inc\cc++\Devesh scratch pad\Devesh scratch pad\Debug\link.2120-cvtres.read.1.tlog
E:\Devesh inc\cc++\Devesh scratch pad\Devesh scratch pad\Debug\link.2120-cvtres.write.1.tlog
E:\Devesh inc\cc++\Devesh scratch pad\Devesh scratch pad\Debug\link.2204.read.1.tlog
E:\Devesh inc\cc++\Devesh scratch pad\Devesh scratch pad\Debug\link.2204.write.1.tlog
E:\Devesh inc\cc++\Devesh scratch pad\Devesh scratch pad\Debug\link.2204-cvtres.read.1.tlog
E:\Devesh inc\cc++\Devesh scratch pad\Devesh scratch pad\Debug\link.2204-cvtres.write.1.tlog
E:\Devesh inc\cc++\Devesh scratch pad\Devesh scratch pad\Debug\link.280.read.1.tlog
E:\Devesh inc\cc++\Devesh scratch pad\Devesh scratch pad\Debug\link.280.write.1.tlog
E:\Devesh inc\cc++\Devesh scratch pad\Devesh scratch pad\Debug\link.280-cvtres.read.1.tlog
E:\Devesh inc\cc++\Devesh scratch pad\Devesh scratch pad\Debug\link.280-cvtres.write.1.tlog
E:\Devesh inc\cc++\Devesh scratch pad\Devesh scratch pad\Debug\link.3040.read.1.tlog
E:\Devesh inc\cc++\Devesh scratch pad\Devesh scratch pad\Debug\link.3040.write.1.tlog
E:\Devesh inc\cc++\Devesh scratch pad\Devesh scratch pad\Debug\link.3040-cvtres.read.1.tlog
E:\Devesh inc\cc++\Devesh scratch pad\Devesh scratch pad\Debug\link.3040-cvtres.write.1.tlog
E:\Devesh inc\cc++\Devesh scratch pad\Devesh scratch pad\Debug\link.3576.read.1.tlog
E:\Devesh inc\cc++\Devesh scratch pad\Devesh scratch pad\Debug\link.3576.write.1.tlog
E:\Devesh inc\cc++\Devesh scratch pad\Devesh scratch pad\Debug\link.3576-cvtres.read.1.tlog
E:\Devesh inc\cc++\Devesh scratch pad\Devesh scratch pad\Debug\link.3576-cvtres.write.1.tlog
E:\Devesh inc\cc++\Devesh scratch pad\Devesh scratch pad\Debug\link.4540.read.1.tlog
E:\Devesh inc\cc++\Devesh scratch pad\Devesh scratch pad\Debug\link.4540.write.1.tlog
E:\Devesh inc\cc++\Devesh scratch pad\Devesh scratch pad\Debug\link.4540-cvtres.read.1.tlog
E:\Devesh inc\cc++\Devesh scratch pad\Devesh scratch pad\Debug\link.4540-cvtres.write.1.tlog
E:\Devesh inc\cc++\Devesh scratch pad\Devesh scratch pad\Debug\link.command.1.tlog
E:\Devesh inc\cc++\Devesh scratch pad\Devesh scratch pad\Debug\link.read.1.tlog
E:\Devesh inc\cc++\Devesh scratch pad\Devesh scratch pad\Debug\link.write.1.tlog
E:\Devesh inc\cc++\Devesh scratch pad\Devesh scratch pad\Debug\link-cvtres.read.1.tlog
E:\Devesh inc\cc++\Devesh scratch pad\Devesh scratch pad\Debug\link-cvtres.write.1.tlog
E:\Devesh inc\cc++\Devesh scratch pad\Devesh scratch pad\Debug\mt.command.1.tlog
E:\Devesh inc\cc++\Devesh scratch pad\Devesh scratch pad\Debug\mt.read.1.tlog
E:\Devesh inc\cc++\Devesh scratch pad\Devesh scratch pad\Debug\mt.write.1.tlog
E:\Devesh inc\cc++\Devesh scratch pad\Devesh scratch pad\Debug\rc.command.1.tlog
E:\Devesh inc\cc++\Devesh scratch pad\Devesh scratch pad\Debug\rc.read.1.tlog
E:\Devesh inc\cc++\Devesh scratch pad\Devesh scratch pad\Debug\rc.write.1.tlog
E:\DEVESH INC\CC++\DEVESH SCRATCH PAD\DEVESH SCRATCH PAD\DEBUG\STDAFX.OBJ
E:\Devesh inc\cc++\Devesh scratch pad\Devesh scratch pad\Debug\vc100.idb
E:\DEVESH INC\CC++\DEVESH SCRATCH PAD\DEVESH SCRATCH PAD\DEBUG\VC100.PDB
